2025-10-29 15:57:07,197 ERROR frappe New Exception collected in error log
Site: newsite.com
Form Dict: {'doc': '{"docstatus":0,"doctype":"Special Price Approval","name":"new-special-price-approval-jqawfigumb","__islocal":1,"__unsaved":1,"owner":"abhishekpande143@gmail.com","sales_person":"Sales Team","status":"Submitted","locked":0,"workflow_state":"Draft","customer":"Ariya","territory":"India","sales_order_reference":"SAL-ORD-2025-00001","remarks":"It is sales order"}', 'action': 'Save', 'cmd': 'frappe.desk.form.save.savedocs'}
2025-10-29 16:04:55,279 ERROR frappe New Exception collected in error log
Site: newsite.com
Form Dict: {'doc': '{"docstatus":0,"doctype":"Special Price Approval","name":"new-special-price-approval-jnhnysvtch","__islocal":1,"__unsaved":1,"owner":"abhishekpande143@gmail.com","sales_person":"Sales Team","status":"Submitted","locked":0,"workflow_state":"Draft","customer":"Ariya","territory":"India","sales_order_reference":"SAL-ORD-2025-00001","remarks":"It is order."}', 'action': 'Save', 'cmd': 'frappe.desk.form.save.savedocs'}
2025-10-29 16:06:09,625 ERROR frappe New Exception collected in error log
Site: newsite.com
Form Dict: {'doc': '{"docstatus":0,"doctype":"Special Price Approval","name":"new-special-price-approval-jnhnysvtch","__islocal":1,"__unsaved":1,"owner":"abhishekpande143@gmail.com","sales_person":"Sales Team","status":"Submitted","locked":0,"workflow_state":"Draft","customer":"Ariya","territory":"India","sales_order_reference":"SAL-ORD-2025-00001","remarks":"It is order."}', 'action': 'Save', 'cmd': 'frappe.desk.form.save.savedocs'}
2025-10-29 16:17:16,332 ERROR frappe New Exception collected in error log
Site: newsite.com
Form Dict: {'doc': '{"docstatus":0,"doctype":"Special Price Approval","name":"new-special-price-approval-jnhnysvtch","__islocal":1,"__unsaved":1,"owner":"abhishekpande143@gmail.com","sales_person":"Sales Team","status":"Submitted","locked":0,"workflow_state":"Draft","customer":"Ariya","territory":"India","sales_order_reference":"SAL-ORD-2025-00001","remarks":"It is order."}', 'action': 'Save', 'cmd': 'frappe.desk.form.save.savedocs'}
2025-10-30 00:20:56,565 ERROR frappe New Exception collected in error log
Site: newsite.com
Form Dict: {'doc': '{"docstatus":0,"doctype":"Special Price Approval","name":"new-special-price-approval-klcjybfgpc","__islocal":1,"__unsaved":1,"owner":"abhishekpande143@gmail.com","sales_person":"Sales Team","status":"Submitted","locked":0,"workflow_state":"Draft","customer":"Ariya","territory":"India","sales_order_reference":"SAL-ORD-2025-00001","remarks":"It is order"}', 'action': 'Save', 'cmd': 'frappe.desk.form.save.savedocs'}
2025-10-30 00:34:30,575 ERROR frappe New Exception collected in error log
Site: newsite.com
Form Dict: {'doc': '{"docstatus":0,"doctype":"Special Price Approval","name":"new-special-price-approval-umkdqwqkqj","__islocal":1,"__unsaved":1,"owner":"abhishekpande143@gmail.com","sales_person":"Sales Team","status":"Submitted","locked":0,"workflow_state":"Draft","customer":"Ariya","territory":"India","sales_order_reference":"SAL-ORD-2025-00001"}', 'action': 'Save', 'cmd': 'frappe.desk.form.save.savedocs'}
2025-10-30 00:36:20,522 ERROR frappe New Exception collected in error log
Site: newsite.com
Form Dict: {'doc': '{"docstatus":0,"doctype":"Special Price Approval","name":"new-special-price-approval-daocclanzl","__islocal":1,"__unsaved":1,"owner":"abhishekpande143@gmail.com","sales_person":"Sales Team","status":"Submitted","locked":0,"workflow_state":"Draft","customer":"Ariya","territory":"India","sales_order_reference":"SAL-ORD-2025-00001"}', 'action': 'Save', 'cmd': 'frappe.desk.form.save.savedocs'}
2025-10-30 20:35:54,880 ERROR frappe New Exception collected in error log
Site: newsite.com
Form Dict: {'doc': '{"docstatus":0,"doctype":"Special Price Approval","name":"new-special-price-approval-flftvytjsq","__islocal":1,"__unsaved":1,"owner":"abhishekpande143@gmail.com","sales_person":"Sales Team","status":"Submitted","locked":0,"requested_by":"raj1234@gmail.com","items":[{"docstatus":0,"doctype":"Special Price Approval Item","name":"new-special-price-approval-item-poumxaqhcj","__islocal":1,"__unsaved":1,"owner":"abhishekpande143@gmail.com","parent":"new-special-price-approval-flftvytjsq","parentfield":"items","parenttype":"Special Price Approval","idx":1,"__unedited":false,"__checked":1,"special_price_approval":"v1pdtsmflu","item_code":"123","quantity":2,"current_rate":200,"special_price":1000,"amount":1000}],"sales_order_created":1,"workflow_state":"Draft","customer":"Ariya","territory":"India","customer_address":"SBI-Billing","delivery_date":"2025-10-31"}', 'action': 'Save', 'cmd': 'frappe.desk.form.save.savedocs'}
2025-10-31 00:14:35,580 ERROR frappe New Exception collected in error log
Site: newsite.com
Form Dict: {'doc': '{"docstatus":0,"doctype":"Special Price Approval","name":"new-special-price-approval-udzhqwccrq","__islocal":1,"__unsaved":1,"owner":"Administrator","sales_person":"Abhi","status":"Submitted","locked":0,"requested_by":"rohan123@gmail.com","items":[],"sales_order_created":0,"workflow_state":"Draft","customer":"Ariya","territory":"India","sales_order_created_by":"rohan123@gmail.com","sales_order_created_on":"2025-10-31 00:13:42","customer_address":"SBI-Billing"}', 'action': 'Save', 'cmd': 'frappe.desk.form.save.savedocs'}
2025-10-31 00:14:47,985 ERROR frappe New Exception collected in error log
Site: newsite.com
Form Dict: {'doc': '{"docstatus":0,"doctype":"Special Price Approval","name":"new-special-price-approval-udzhqwccrq","__islocal":1,"__unsaved":1,"owner":"Administrator","sales_person":"Abhi","status":"Submitted","locked":0,"requested_by":"rohan123@gmail.com","items":[],"sales_order_created":0,"workflow_state":"Draft","customer":"Ariya","territory":"India","sales_order_created_by":"rohan123@gmail.com","sales_order_created_on":"2025-10-31 00:13:42","customer_address":"SBI-Billing"}', 'action': 'Save', 'cmd': 'frappe.desk.form.save.savedocs'}
2025-10-31 00:17:59,848 ERROR frappe New Exception collected in error log
Site: newsite.com
Form Dict: {'doc': '{"docstatus":0,"doctype":"Special Price Approval","name":"new-special-price-approval-udzhqwccrq","__islocal":1,"__unsaved":1,"owner":"Administrator","sales_person":"Abhi","status":"Submitted","locked":0,"requested_by":"rohan123@gmail.com","items":[],"sales_order_created":0,"workflow_state":"Draft","customer":"Ariya","territory":"India","sales_order_created_by":"rohan123@gmail.com","sales_order_created_on":"2025-10-31 00:13:42","customer_address":"SBI-Billing"}', 'action': 'Save', 'cmd': 'frappe.desk.form.save.savedocs'}
2025-10-31 00:25:13,333 ERROR frappe New Exception collected in error log
Site: newsite.com
Form Dict: {'doc': '{"docstatus":0,"doctype":"Special Price Approval","name":"new-special-price-approval-cfunckcafv","__islocal":1,"__unsaved":1,"owner":"Administrator","sales_person":"Abhi","status":"Draft","locked":0,"requested_by":"rohan123@gmail.com","items":[],"sales_order_created":1,"workflow_state":"Draft","customer":"Ariya","territory":"India","customer_address":"SBI-Billing","sales_order_created_by":"rohan123@gmail.com","sales_order_created_on":"2025-10-31 00:24:02"}', 'action': 'Save', 'cmd': 'frappe.desk.form.save.savedocs'}
2025-10-31 00:49:20,864 ERROR frappe New Exception collected in error log
Site: newsite.com
Form Dict: {'doctype': 'Workflow', 'with_parent': '1', 'cached_timestamp': '', 'cmd': 'frappe.desk.form.load.getdoctype'}
2025-10-31 00:49:38,290 ERROR frappe New Exception collected in error log
Site: newsite.com
Form Dict: {'app_path': 'workflow'}
2025-10-31 00:50:06,596 ERROR frappe New Exception collected in error log
Site: newsite.com
Form Dict: {'app_path': 'workflow'}
2025-10-31 13:07:15,280 ERROR frappe New Exception collected in error log
Site: newsite.com
Form Dict: {'doc': '{"name":"qac6iukpr5","owner":"rohan123@gmail.com","creation":"2025-10-31 11:59:40.375407","modified":"2025-10-31 12:05:11.088665","modified_by":"rohan123@gmail.com","docstatus":0,"idx":0,"workflow_state":"Pending HO Approval","customer":"Ariya","territory":"India","sales_person":"Abhi","status":"RSM Approved","locked":0,"requested_by":"rohan123@gmail.com","sales_order_created":0,"doctype":"Special Price Approval","items":[{"name":"thp3hgen5f","owner":"rohan123@gmail.com","creation":"2025-10-31 11:59:40.375407","modified":"2025-10-31 12:05:11.088665","modified_by":"rohan123@gmail.com","docstatus":0,"idx":1,"special_price_approval":"1ua1cjfl8r","item_code":"123","qty":0,"rate":0,"uom":"Psi/1000 Feet","conversion_factor":0,"parent":"qac6iukpr5","parentfield":"items","parenttype":"Special Price Approval","doctype":"Special Price Approval Item"}],"__last_sync_on":"2025-10-31T07:36:54.082Z","__unsaved":1}', 'action': 'Save', 'cmd': 'frappe.desk.form.save.savedocs'}
2025-10-31 13:07:27,755 ERROR frappe New Exception collected in error log
Site: newsite.com
Form Dict: {'doc': '{"name":"qac6iukpr5","owner":"rohan123@gmail.com","creation":"2025-10-31 11:59:40.375407","modified":"2025-10-31 12:05:11.088665","modified_by":"rohan123@gmail.com","docstatus":0,"idx":0,"workflow_state":"Pending HO Approval","customer":"Ariya","territory":"India","sales_person":"Abhi","status":"RSM Approved","locked":0,"requested_by":"rohan123@gmail.com","sales_order_created":0,"doctype":"Special Price Approval","items":[{"name":"thp3hgen5f","owner":"rohan123@gmail.com","creation":"2025-10-31 11:59:40.375407","modified":"2025-10-31 12:05:11.088665","modified_by":"rohan123@gmail.com","docstatus":0,"idx":1,"special_price_approval":"1ua1cjfl8r","item_code":"123","qty":0,"rate":0,"uom":"Psi/1000 Feet","conversion_factor":0,"parent":"qac6iukpr5","parentfield":"items","parenttype":"Special Price Approval","doctype":"Special Price Approval Item"}],"__last_sync_on":"2025-10-31T07:36:54.082Z","__unsaved":1}', 'action': 'Save', 'cmd': 'frappe.desk.form.save.savedocs'}
2025-10-31 13:07:40,000 ERROR frappe New Exception collected in error log
Site: newsite.com
Form Dict: {'doc': '{"name":"qac6iukpr5","owner":"rohan123@gmail.com","creation":"2025-10-31 11:59:40.375407","modified":"2025-10-31 12:05:11.088665","modified_by":"rohan123@gmail.com","docstatus":0,"idx":0,"workflow_state":"Pending HO Approval","customer":"Ariya","territory":"India","sales_person":"Abhi","status":"RSM Approved","locked":0,"requested_by":"rohan123@gmail.com","sales_order_created":0,"doctype":"Special Price Approval","items":[{"name":"thp3hgen5f","owner":"rohan123@gmail.com","creation":"2025-10-31 11:59:40.375407","modified":"2025-10-31 12:05:11.088665","modified_by":"rohan123@gmail.com","docstatus":0,"idx":1,"special_price_approval":"1ua1cjfl8r","item_code":"123","qty":0,"rate":0,"uom":"Psi/1000 Feet","conversion_factor":0,"parent":"qac6iukpr5","parentfield":"items","parenttype":"Special Price Approval","doctype":"Special Price Approval Item"}],"__last_sync_on":"2025-10-31T07:36:54.082Z","__unsaved":1}', 'action': 'Save', 'cmd': 'frappe.desk.form.save.savedocs'}
2025-10-31 13:08:34,639 ERROR frappe New Exception collected in error log
Site: newsite.com
Form Dict: {'doc': '{"docstatus":0,"doctype":"Special Price Approval","name":"new-special-price-approval-fsypdbgprr","__islocal":1,"__unsaved":1,"owner":"rohan123@gmail.com","sales_person":"Abhi","status":"Draft","locked":0,"requested_by":"rohan123@gmail.com","items":[],"sales_order_created":0,"workflow_state":"Draft","customer":"Ariya","territory":"India","sales_order_created_by":"rohan123@gmail.com"}', 'action': 'Save', 'cmd': 'frappe.desk.form.save.savedocs'}
2025-10-31 13:09:54,179 ERROR frappe New Exception collected in error log
Site: newsite.com
Form Dict: {'doc': '{"docstatus":0,"doctype":"Special Price Approval","name":"new-special-price-approval-mfoimvkefk","__islocal":1,"__unsaved":1,"owner":"rohan123@gmail.com","sales_person":"Abhi","status":"HO Approved","locked":0,"requested_by":"rohan123@gmail.com","items":[{"docstatus":0,"doctype":"Special Price Approval Item","name":"new-special-price-approval-item-bcqfplevxg","__islocal":1,"__unsaved":1,"owner":"rohan123@gmail.com","parent":"new-special-price-approval-mfoimvkefk","parentfield":"items","parenttype":"Special Price Approval","idx":1,"__unedited":false,"special_price_approval":"1ua1cjfl8r","item_code":"123","qty":12,"rate":1200,"uom":"Barleycorn"}],"sales_order_created":1,"workflow_state":"Draft","customer":"Ariya","territory":"India","sales_order_created_by":"rohan123@gmail.com"}', 'action': 'Save', 'cmd': 'frappe.desk.form.save.savedocs'}
2025-10-31 13:12:20,121 ERROR frappe New Exception collected in error log
Site: newsite.com
Form Dict: {'doc': '{"docstatus":0,"doctype":"Special Price Approval","name":"new-special-price-approval-ublcmbfpng","__islocal":1,"__unsaved":1,"owner":"rohan123@gmail.com","sales_person":"Abhi","status":"Draft","locked":0,"requested_by":"rohan123@gmail.com","items":[{"docstatus":0,"doctype":"Special Price Approval Item","name":"new-special-price-approval-item-swnustymlp","__islocal":1,"__unsaved":1,"owner":"rohan123@gmail.com","parent":"new-special-price-approval-ublcmbfpng","parentfield":"items","parenttype":"Special Price Approval","idx":1,"__unedited":false,"special_price_approval":"1ua1cjfl8r","item_code":"123","qty":100,"rate":200,"uom":"Barleycorn"}],"sales_order_created":1,"workflow_state":"Draft","customer":"Ariya","territory":"India","sales_order_created_by":"rohan123@gmail.com"}', 'action': 'Save', 'cmd': 'frappe.desk.form.save.savedocs'}
2025-10-31 23:14:05,161 WARNING frappe Row #1: Missing UOM replaced with 'Nos'
Site: newsite.com
Form Dict: {'doc': '{"name":"5645hg70bq","owner":"Administrator","creation":"2025-10-31 23:13:34.741452","modified":"2025-10-31 23:14:01.403743","modified_by":"Administrator","docstatus":0,"idx":0,"workflow_state":"Pending HO Approval","customer":"Ariya","territory":"India","sales_person":"Abhi","status":"HO Approved","locked":0,"customer_address":"SBI-Billing","requested_by":"rohan123@gmail.com","delivery_date":"2025-10-31","sales_order_created":0,"sales_order_created_by":"abhishekpande1122@gmail.com","sales_order_created_on":"2025-10-31 23:12:43","doctype":"Special Price Approval","items":[{"name":"564rpvj7ou","owner":"Administrator","creation":"2025-10-31 23:13:34.741452","modified":"2025-10-31 23:14:01.403743","modified_by":"Administrator","docstatus":0,"idx":1,"special_price_approval":"04s8jl73d1","qty":0,"rate":0,"conversion_factor":0,"parent":"5645hg70bq","parentfield":"items","parenttype":"Special Price Approval","doctype":"Special Price Approval Item","item_code":"123"}]}', 'action': 'Approve', 'cmd': 'frappe.model.workflow.apply_workflow'}
2025-10-31 23:14:49,408 WARNING frappe Row #1: Missing UOM replaced with 'Nos'
Site: newsite.com
Form Dict: {'doc': '{"name":"5645hg70bq-1","owner":"Administrator","creation":"2025-10-31 23:14:37.639418","modified":"2025-10-31 23:14:46.191119","modified_by":"Administrator","docstatus":0,"idx":0,"workflow_state":"Pending HO Approval","customer":"Ariya","territory":"India","sales_person":"Abhi","status":"HO Approved","locked":0,"customer_address":"","requested_by":"rohan123@gmail.com","delivery_date":"2025-10-31","sales_order_created":0,"amended_from":"5645hg70bq","sales_order_created_by":"abhishekpande1122@gmail.com","sales_order_created_on":"2025-10-31 23:12:43","doctype":"Special Price Approval","items":[{"name":"5pqsd9vqb6","owner":"Administrator","creation":"2025-10-31 23:14:37.639418","modified":"2025-10-31 23:14:46.191119","modified_by":"Administrator","docstatus":0,"idx":1,"special_price_approval":"04s8jl73d1","item_code":"123","qty":0,"rate":0,"conversion_factor":0,"parent":"5645hg70bq-1","parentfield":"items","parenttype":"Special Price Approval","doctype":"Special Price Approval Item"}],"__last_sync_on":"2025-10-31T17:44:47.895Z"}', 'action': 'Approve', 'cmd': 'frappe.model.workflow.apply_workflow'}
2025-11-01 21:01:08,644 WARNING frappe Row #1: Missing UOM replaced with 'Nos'
Site: newsite.com
Form Dict: {}
2025-11-01 21:01:23,265 WARNING frappe Row #1: Missing UOM replaced with 'Nos'
Site: newsite.com
Form Dict: {}
2025-11-02 02:14:12,374 WARNING frappe Row #1: Missing UOM replaced with 'Nos'
Site: newsite.com
Form Dict: {}
